 tabs,  channels, packets, size, real, user, sys, program
  12,  1536,   50, 1757.81, 47.513, 46.923, 0.533, naive
  12,  1536,   50, 1757.81, 47.541, 46.998, 0.487, naive
  12, 1536,    1,   35.16, 0.219, 0.201, 0.018, naive_optimized
  12, 1536,    2,   70.31, 0.409, 0.390, 0.018, naive_optimized
  12, 1536,    3,  105.47, 0.606, 0.571, 0.034, naive_optimized
  12, 1536,    4,  140.62, 0.809, 0.766, 0.041, naive_optimized
  12, 1536,    5,  175.78, 1.004, 0.944, 0.058, naive_optimized
  12, 1536,    6,  210.94, 1.202, 1.139, 0.061, naive_optimized
  12, 1536,    7,  246.09, 1.419, 1.343, 0.072, naive_optimized
  12, 1536,    8,  281.25, 1.615, 1.529, 0.081, naive_optimized
  12, 1536,    9,  316.41, 1.793, 1.715, 0.075, naive_optimized
  12, 1536,   10,  351.56, 1.990, 1.892, 0.095, naive_optimized
  12, 1536,   11,  386.72, 2.209, 2.075, 0.131, naive_optimized
  12, 1536,   12,  421.88, 2.388, 2.271, 0.112, naive_optimized
  12, 1536,   13,  457.03, 2.585, 2.461, 0.120, naive_optimized
  12, 1536,   14,  492.19, 2.783, 2.645, 0.135, naive_optimized
  12, 1536,   15,  527.34, 2.982, 2.823, 0.155, naive_optimized
  12, 1536,   16,  562.50, 3.188, 3.026, 0.158, naive_optimized
  12, 1536,   17,  597.66, 3.372, 3.196, 0.171, naive_optimized
  12, 1536,   18,  632.81, 3.566, 3.381, 0.180, naive_optimized
  12, 1536,   19,  667.97, 3.766, 3.577, 0.184, naive_optimized
  12, 1536,   20,  703.12, 3.965, 3.770, 0.190, naive_optimized
  12, 1536,   21,  738.28, 4.161, 3.921, 0.234, naive_optimized
  12, 1536,   22,  773.44, 4.354, 4.133, 0.215, naive_optimized
  12, 1536,   23,  808.59, 4.553, 4.302, 0.245, naive_optimized
  12, 1536,   24,  843.75, 4.757, 4.484, 0.266, naive_optimized
  12, 1536,   25,  878.91, 4.950, 4.687, 0.256, naive_optimized
  12, 1536,   26,  914.06, 5.148, 4.882, 0.258, naive_optimized
  12, 1536,   27,  949.22, 5.344, 5.055, 0.282, naive_optimized
  12, 1536,   28,  984.38, 5.550, 5.257, 0.286, naive_optimized
  12, 1536,   29, 1019.53, 5.738, 5.442, 0.288, naive_optimized
  12, 1536,   30, 1054.69, 5.943, 5.645, 0.290, naive_optimized
  12, 1536,   31, 1089.84, 6.136, 5.845, 0.282, naive_optimized
  12, 1536,   32, 1125.00, 6.352, 6.015, 0.328, naive_optimized
  12, 1536,   33, 1160.16, 6.564, 6.226, 0.327, naive_optimized
  12, 1536,   34, 1195.31, 6.722, 6.385, 0.328, naive_optimized
  12, 1536,   35, 1230.47, 6.932, 6.536, 0.385, naive_optimized
  12, 1536,   36, 1265.62, 7.136, 6.761, 0.364, naive_optimized
  12, 1536,   37, 1300.78, 7.327, 6.970, 0.346, naive_optimized
  12, 1536,   38, 1335.94, 7.526, 7.093, 0.422, naive_optimized
  12, 1536,   39, 1371.09, 7.727, 7.325, 0.389, naive_optimized
  12, 1536,   40, 1406.25, 7.931, 7.544, 0.375, naive_optimized
  12, 1536,   41, 1441.41, 8.193, 7.770, 0.410, naive_optimized
  12, 1536,   42, 1476.56, 8.321, 7.904, 0.405, naive_optimized
  12, 1536,   43, 1511.72, 8.530, 8.105, 0.411, naive_optimized
  12, 1536,   44, 1546.88, 8.806, 8.325, 0.467, naive_optimized
  12, 1536,   45, 1582.03, 8.926, 8.463, 0.450, naive_optimized
  12, 1536,   46, 1617.19, 9.106, 8.618, 0.473, naive_optimized
  12, 1536,   47, 1652.34, 9.287, 8.787, 0.486, naive_optimized
  12, 1536,   48, 1687.50, 9.503, 9.041, 0.447, naive_optimized
  12, 1536,   49, 1722.66, 9.710, 9.207, 0.488, naive_optimized
  12, 1536,   50, 1757.81, 9.887, 9.341, 0.530, naive_optimized
  12,     4,    50,    4.58,  0.131,  0.128, 0.002, naive
  12,     8,    50,    9.16,  0.249,  0.240, 0.008, naive
  12,    12,    50,   13.73,  0.372,  0.364, 0.007, naive
  12,    16,    50,   18.31,  0.497,  0.487, 0.009, naive
  12,    20,    50,   22.89,  0.621,  0.613, 0.007, naive
  12,    24,    50,   27.47,  0.745,  0.736, 0.007, naive
  12,    28,    50,   32.04,  0.867,  0.852, 0.014, naive
  12,    32,    50,   36.62,  0.992,  0.977, 0.014, naive
  12,    36,    50,   41.20,  1.116,  1.103, 0.011, naive
  12,    40,    50,   45.78,  1.240,  1.225, 0.013, naive
  12,    44,    50,   50.35,  1.363,  1.341, 0.020, naive
  12,    48,    50,   54.93,  1.487,  1.467, 0.018, naive
  12,    52,    50,   59.51,  1.609,  1.586, 0.021, naive
  12,    56,    50,   64.09,  1.732,  1.712, 0.017, naive
  12,    60,    50,   68.66,  1.857,  1.842, 0.013, naive
  12,    64,    50,   73.24,  1.978,  1.952, 0.024, naive
  12,    68,    50,   77.82,  2.103,  2.079, 0.021, naive
  12,    72,    50,   82.40,  2.226,  2.194, 0.029, naive
  12,    76,    50,   86.98,  2.350,  2.322, 0.025, naive
  12,    80,    50,   91.55,  2.474,  2.448, 0.022, naive
  12,    84,    50,   96.13,  2.599,  2.570, 0.026, naive
  12,    88,    50,  100.71,  2.725,  2.694, 0.027, naive
  12,    92,    50,  105.29,  2.853,  2.815, 0.034, naive
  12,    96,    50,  109.86,  2.968,  2.933, 0.031, naive
  12,   100,    50,  114.44,  3.667,  3.623, 0.039, naive
  12,   104,    50,  119.02,  3.217,  3.178, 0.035, naive
  12,   108,    50,  123.60,  3.338,  3.297, 0.037, naive
  12,   112,    50,  128.17,  3.463,  3.417, 0.042, naive
  12,   116,    50,  132.75,  3.586,  3.546, 0.035, naive
  12,   120,    50,  137.33,  3.708,  3.662, 0.042, naive
  12,   124,    50,  141.91,  3.834,  3.787, 0.042, naive
  12,   128,    50,  146.48,  3.954,  3.905, 0.044, naive
  12,   132,    50,  151.06,  4.079,  4.033, 0.042, naive
  12,   136,    50,  155.64,  4.205,  4.164, 0.036, naive
  12,   140,    50,  160.22,  4.326,  4.263, 0.058, naive
  12,   144,    50,  164.79,  4.450,  4.387, 0.058, naive
  12,   148,    50,  169.37,  4.579,  4.528, 0.046, naive
  12,   152,    50,  173.95,  4.698,  4.638, 0.055, naive
  12,   156,    50,  178.53,  4.830,  4.768, 0.056, naive
  12,   160,    50,  183.11,  4.948,  4.896, 0.046, naive
  12,   164,    50,  187.68,  5.069,  5.021, 0.042, naive
  12,   168,    50,  192.26,  5.206,  5.141, 0.059, naive
  12,   172,    50,  196.84,  5.317,  5.258, 0.052, naive
  12,   176,    50,  201.42,  5.440,  5.370, 0.064, naive
  12,   180,    50,  205.99,  5.565,  5.505, 0.053, naive
  12,   184,    50,  210.57,  5.688,  5.619, 0.063, naive
  12,   188,    50,  215.15,  5.809,  5.738, 0.064, naive
  12,   192,    50,  219.73,  5.932,  5.867, 0.058, naive
  12,   196,    50,  224.30,  6.062,  5.997, 0.058, naive
  12,   200,    50,  228.88,  6.181,  6.108, 0.065, naive
  12,   204,    50,  233.46,  6.308,  6.231, 0.069, naive
  12,   208,    50,  238.04,  6.430,  6.351, 0.071, naive
  12,   212,    50,  242.61,  6.554,  6.463, 0.084, naive
  12,   216,    50,  247.19,  6.677,  6.597, 0.072, naive
  12,   220,    50,  251.77,  6.800,  6.710, 0.082, naive
  12,   224,    50,  256.35,  6.925,  6.835, 0.082, naive
  12,   228,    50,  260.93,  7.045,  6.952, 0.085, naive
  12,   232,    50,  265.50,  7.173,  7.083, 0.081, naive
  12,   236,    50,  270.08,  7.306,  7.222, 0.075, naive
  12,   240,    50,  274.66,  7.424,  7.337, 0.078, naive
  12,   244,    50,  279.24,  7.539,  7.452, 0.078, naive
  12,   248,    50,  283.81,  7.664,  7.568, 0.087, naive
  12,   252,    50,  288.39,  7.789,  7.687, 0.092, naive
  12,   256,    50,  292.97,  7.912,  7.812, 0.090, naive
  12,   260,    50,  297.55,  8.047,  7.950, 0.087, naive
  12,   264,    50,  302.12,  8.164,  8.064, 0.091, naive
  12,   268,    50,  306.70,  8.281,  8.182, 0.088, naive
  12,   272,    50,  311.28,  8.404,  8.315, 0.080, naive
  12,   276,    50,  315.86,  8.527,  8.423, 0.093, naive
  12,   280,    50,  320.43,  8.651,  8.552, 0.089, naive
  12,   284,    50,  325.01,  8.782,  8.676, 0.096, naive
  12,   288,    50,  329.59,  8.901,  8.793, 0.097, naive
  12,   292,    50,  334.17,  9.034,  8.923, 0.100, naive
  12,   296,    50,  338.75,  9.149,  9.039, 0.098, naive
  12,   300,    50,  343.32,  9.336,  9.207, 0.116, naive
  12,   304,    50,  347.90,  9.410,  9.300, 0.099, naive
  12,   308,    50,  352.48,  9.528,  9.436, 0.080, naive
  12,   312,    50,  357.06,  9.649,  9.538, 0.099, naive
  12,   316,    50,  361.63,  9.767,  9.657, 0.098, naive
  12,   320,    50,  366.21,  9.897,  9.796, 0.090, naive
  12,   324,    50,  370.79, 10.011,  9.894, 0.106, naive
  12,   328,    50,  375.37, 10.137, 10.007, 0.117, naive
  12,   332,    50,  379.94, 10.261, 10.143, 0.106, naive
  12,   336,    50,  384.52, 10.386, 10.255, 0.118, naive
  12,   340,    50,  389.10, 10.513, 10.392, 0.108, naive
  12,   344,    50,  393.68, 10.636, 10.486, 0.137, naive
  12,   348,    50,  398.25, 10.754, 10.621, 0.120, naive
  12,   352,    50,  402.83, 10.877, 10.742, 0.122, naive
  12,   356,    50,  407.41, 11.010, 10.875, 0.122, naive
  12,   360,    50,  411.99, 11.127, 10.980, 0.133, naive
  12,   364,    50,  416.56, 11.248, 11.105, 0.130, naive
  12,   368,    50,  421.14, 11.398, 11.242, 0.141, naive
  12,   372,    50,  425.72, 11.498, 11.388, 0.097, naive
  12,   376,    50,  430.30, 11.616, 11.496, 0.107, naive
  12,   380,    50,  434.88, 11.743, 11.587, 0.143, naive
  12,   384,    50,  439.45, 11.881, 11.727, 0.140, naive
  12,   388,    50,  444.03, 11.989, 11.853, 0.122, naive
  12,   392,    50,  448.61, 12.111, 11.963, 0.134, naive
  12,   396,    50,  453.19, 12.236, 12.071, 0.151, naive
  12,   400,    50,  457.76, 12.364, 12.220, 0.129, naive
  12,   404,    50,  462.34, 12.483, 12.339, 0.130, naive
  12,   408,    50,  466.92, 12.605, 12.445, 0.145, naive
  12,   412,    50,  471.50, 12.733, 12.582, 0.136, naive
  12,   416,    50,  476.07, 12.871, 12.716, 0.140, naive
  12,   420,    50,  480.65, 13.043, 12.891, 0.135, naive
  12,   424,    50,  485.23, 13.135, 12.978, 0.141, naive
  12,   436,    50,  498.96, 13.536, 13.353, 0.139, naive
  12,   636,    50,  727.84, 19.742, 19.506, 0.211, naive
  12,   836,    50,  956.73, 25.869, 25.575, 0.261, naive
  12,  1036,    50, 1185.61, 32.043, 31.682, 0.324, naive
  12,  1236,    50, 1414.49, 38.184, 37.729, 0.411, naive
  12,  1436,    50, 1643.37, 44.402, 43.886, 0.463, naive
  12 ,   4  ,  50 ,   4.58, 0.062, 0.049, 0.011, naive_optimized
  12 ,   8  ,  50 ,   9.16, 0.053, 0.050, 0.003, naive_optimized
  12 ,  12  ,  50 ,  13.73, 0.079, 0.073, 0.005, naive_optimized
  12 ,  16  ,  50 ,  18.31, 0.105, 0.100, 0.004, naive_optimized
  12 ,  20  ,  50 ,  22.89, 0.130, 0.124, 0.006, naive_optimized
  12 ,  24  ,  50 ,  27.47, 0.157, 0.147, 0.009, naive_optimized
  12 ,  28  ,  50 ,  32.04, 0.184, 0.175, 0.009, naive_optimized
  12 ,  32  ,  50 ,  36.62, 0.209, 0.195, 0.013, naive_optimized
  12 ,  36  ,  50 ,  41.20, 0.239, 0.222, 0.015, naive_optimized
  12 ,  40  ,  50 ,  45.78, 0.260, 0.246, 0.014, naive_optimized
  12 ,  44  ,  50 ,  50.35, 0.286, 0.267, 0.019, naive_optimized
  12 ,  48  ,  50 ,  54.93, 0.316, 0.292, 0.021, naive_optimized
  12 ,  52  ,  50 ,  59.51, 0.341, 0.323, 0.015, naive_optimized
  12 ,  56  ,  50 ,  64.09, 0.364, 0.347, 0.016, naive_optimized
  12 ,  60  ,  50 ,  68.66, 0.391, 0.368, 0.022, naive_optimized
  12 ,  64  ,  50 ,  73.24, 0.416, 0.384, 0.031, naive_optimized
  12 ,  68  ,  50 ,  77.82, 0.443, 0.417, 0.025, naive_optimized
  12 ,  72  ,  50 ,  82.40, 0.468, 0.439, 0.028, naive_optimized
  12 ,  76  ,  50 ,  86.98, 0.493, 0.472, 0.021, naive_optimized
  12 ,  80  ,  50 ,  91.55, 0.521, 0.490, 0.028, naive_optimized
  12 ,  84  ,  50 ,  96.13, 0.545, 0.514, 0.030, naive_optimized
  12 ,  88  ,  50 , 100.71, 0.571, 0.545, 0.025, naive_optimized
  12 ,  92  ,  50 , 105.29, 0.599, 0.566, 0.031, naive_optimized
  12 ,  96  ,  50 , 109.86, 0.626, 0.591, 0.030, naive_optimized
  12 , 100  ,  50 , 114.44, 0.651, 0.612, 0.035, naive_optimized
  12 , 104  ,  50 , 119.02, 0.677, 0.631, 0.042, naive_optimized
  12 , 108  ,  50 , 123.60, 0.700, 0.656, 0.043, naive_optimized
  12 , 112  ,  50 , 128.17, 0.726, 0.696, 0.029, naive_optimized
  12 , 116  ,  50 , 132.75, 0.755, 0.703, 0.047, naive_optimized
  12 , 120  ,  50 , 137.33, 0.780, 0.736, 0.039, naive_optimized
  12 , 124  ,  50 , 141.91, 0.803, 0.759, 0.042, naive_optimized
  12 , 128  ,  50 , 146.48, 0.828, 0.788, 0.039, naive_optimized
  12 , 132  ,  50 , 151.06, 0.854, 0.812, 0.041, naive_optimized
  12 , 136  ,  50 , 155.64, 0.880, 0.834, 0.044, naive_optimized
  12 , 140  ,  50 , 160.22, 0.906, 0.853, 0.051, naive_optimized
  12 , 144  ,  50 , 164.79, 0.931, 0.879, 0.051, naive_optimized
  12 , 148  ,  50 , 169.37, 0.973, 0.909, 0.062, naive_optimized
  12 , 152  ,  50 , 173.95, 0.983, 0.933, 0.048, naive_optimized
  12 , 156  ,  50 , 178.53, 1.008, 0.941, 0.066, naive_optimized
  12 , 160  ,  50 , 183.11, 1.035, 0.970, 0.063, naive_optimized
  12 , 164  ,  50 , 187.68, 1.060, 0.994, 0.065, naive_optimized
  12 , 168  ,  50 , 192.26, 1.086, 1.020, 0.064, naive_optimized
  12 , 172  ,  50 , 196.84, 1.112, 1.057, 0.053, naive_optimized
  12 , 176  ,  50 , 201.42, 1.137, 1.072, 0.064, naive_optimized
  12 , 180  ,  50 , 205.99, 1.164, 1.104, 0.059, naive_optimized
  12 , 184  ,  50 , 210.57, 1.189, 1.123, 0.064, naive_optimized
  12 , 188  ,  50 , 215.15, 1.215, 1.148, 0.065, naive_optimized
  12 , 192  ,  50 , 219.73, 1.241, 1.167, 0.072, naive_optimized
  12 , 196  ,  50 , 224.30, 1.266, 1.199, 0.065, naive_optimized
  12 , 200  ,  50 , 228.88, 1.292, 1.221, 0.069, naive_optimized
  12 , 204  ,  50 , 233.46, 1.318, 1.225, 0.091, naive_optimized
  12 , 208  ,  50 , 238.04, 1.344, 1.269, 0.073, naive_optimized
  12 , 212  ,  50 , 242.61, 1.369, 1.303, 0.064, naive_optimized
  12 , 216  ,  50 , 247.19, 1.396, 1.311, 0.082, naive_optimized
  12 , 220  ,  50 , 251.77, 1.421, 1.339, 0.080, naive_optimized
  12 , 224  ,  50 , 256.35, 1.447, 1.355, 0.090, naive_optimized
  12 , 228  ,  50 , 260.93, 1.473, 1.401, 0.069, naive_optimized
  12 , 232  ,  50 , 265.50, 1.498, 1.400, 0.096, naive_optimized
  12 , 236  ,  50 , 270.08, 1.524, 1.450, 0.072, naive_optimized
  12 , 240  ,  50 , 274.66, 1.550, 1.468, 0.079, naive_optimized
  12 , 244  ,  50 , 279.24, 1.576, 1.498, 0.076, naive_optimized
  12 , 248  ,  50 , 283.81, 1.604, 1.506, 0.096, naive_optimized
  12 , 252  ,  50 , 288.39, 1.627, 1.532, 0.093, naive_optimized
  12 , 256  ,  50 , 292.97, 1.654, 1.563, 0.088, naive_optimized
  12 , 260  ,  50 , 297.55, 1.680, 1.582, 0.095, naive_optimized
  12 , 264  ,  50 , 302.12, 1.715, 1.621, 0.091, naive_optimized
  12 , 268  ,  50 , 306.70, 1.743, 1.649, 0.091, naive_optimized
  12 , 272  ,  50 , 311.28, 1.775, 1.679, 0.092, naive_optimized
  12 , 276  ,  50 , 315.86, 1.790, 1.678, 0.109, naive_optimized
  12 , 280  ,  50 , 320.43, 1.813, 1.705, 0.105, naive_optimized
  12 , 284  ,  50 , 325.01, 1.838, 1.734, 0.101, naive_optimized
  12 , 288  ,  50 , 329.59, 1.865, 1.735, 0.126, naive_optimized
  12 , 292  ,  50 , 334.17, 1.890, 1.788, 0.099, naive_optimized
  12 , 296  ,  50 , 338.75, 1.913, 1.800, 0.110, naive_optimized
  12 , 300  ,  50 , 343.32, 1.938, 1.837, 0.098, naive_optimized
  12 , 304  ,  50 , 347.90, 1.961, 1.857, 0.101, naive_optimized
  12 , 308  ,  50 , 352.48, 1.987, 1.885, 0.099, naive_optimized
  12 , 312  ,  50 , 357.06, 2.013, 1.892, 0.118, naive_optimized
  12 , 316  ,  50 , 361.63, 2.041, 1.937, 0.100, naive_optimized
  12 , 320  ,  50 , 366.21, 2.073, 1.962, 0.108, naive_optimized
  12 , 324  ,  50 , 370.79, 2.090, 1.987, 0.100, naive_optimized
  12 , 328  ,  50 , 375.37, 2.116, 2.009, 0.104, naive_optimized
  12 , 332  ,  50 , 379.94, 2.141, 2.024, 0.114, naive_optimized
  12 , 336  ,  50 , 384.52, 2.167, 2.042, 0.122, naive_optimized
  12 , 340  ,  50 , 389.10, 2.193, 2.086, 0.104, naive_optimized
  12 , 344  ,  50 , 393.68, 2.218, 2.099, 0.116, naive_optimized
  12 , 348  ,  50 , 398.25, 2.244, 2.118, 0.123, naive_optimized
  12 , 352  ,  50 , 402.83, 2.279, 2.167, 0.108, naive_optimized
  12 , 356  ,  50 , 407.41, 2.308, 2.172, 0.132, naive_optimized
  12 , 360  ,  50 , 411.99, 2.328, 2.209, 0.116, naive_optimized
  12 , 364  ,  50 , 416.56, 2.354, 2.228, 0.122, naive_optimized
  12 , 368  ,  50 , 421.14, 2.380, 2.260, 0.116, naive_optimized
  12 , 372  ,  50 , 425.72, 2.407, 2.275, 0.128, naive_optimized
  12 , 376  ,  50 , 430.30, 2.427, 2.292, 0.131, naive_optimized
  12 , 380  ,  50 , 434.88, 2.452, 2.322, 0.127, naive_optimized
  12 , 384  ,  50 , 439.45, 2.480, 2.352, 0.124, naive_optimized
  12 , 388  ,  50 , 444.03, 2.505, 2.370, 0.131, naive_optimized
  12 , 392  ,  50 , 448.61, 2.536, 2.394, 0.138, naive_optimized
  12 , 396  ,  50 , 453.19, 2.561, 2.433, 0.124, naive_optimized
  12 , 400  ,  50 , 457.76, 2.587, 2.463, 0.120, naive_optimized
  12 , 404  ,  50 , 462.34, 2.613, 2.480, 0.129, naive_optimized
  12 , 408  ,  50 , 466.92, 2.636, 2.507, 0.125, naive_optimized
  12 , 412  ,  50 , 471.50, 2.664, 2.529, 0.131, naive_optimized
  12 , 416  ,  50 , 476.07, 2.696, 2.553, 0.139, naive_optimized
  12 , 436  ,  50 , 498.96, 2.827, 2.674, 0.148, naive_optimized
  12 , 536  ,  50 , 613.40, 3.466, 3.282, 0.178, naive_optimized
  12 , 636  ,  50 , 727.84, 4.111, 3.889, 0.216, naive_optimized
  12 , 736  ,  50 , 842.29, 4.750, 4.502, 0.241, naive_optimized
  12 , 836  ,  50 , 956.73, 5.403, 5.132, 0.263, naive_optimized
  12 , 936  ,  50 ,1071.17, 6.038, 5.705, 0.324, naive_optimized
  12 , 1036 ,  50 ,1185.61, 6.677, 6.322, 0.344, naive_optimized
  12 , 1136 ,  50 ,1300.05, 7.318, 6.935, 0.372, naive_optimized
  12 , 1236 ,  50 ,1414.49, 7.995, 7.586, 0.395, naive_optimized
  12 , 1336 ,  50 ,1528.93, 8.630, 8.170, 0.446, naive_optimized
  12 , 1436 ,  50 ,1643.37, 9.270, 8.791, 0.464, naive_optimized
  12 , 1536 ,  50 ,1757.81, 9.940, 9.430, 0.494, naive_optimized
